klajkljsdgasdf
klajkljsdgasdf
klajkljsdgasdf
klajkljsdgasdf
klajkljsdgasdf
klajkljsdgasdf
klajkljsdgasdf
klajkljsdgasdf
klajkljsdgasdf
klajkljsdgasdf
klajkljsdgasdf
klajkljsdgasdf
klajkljsdgasdf
klajkljsdgasdf
klajkljsdgasdf
klajkljsdgasdf
klajkljsdgasdf
klajkljsdgasdf
klajkljsdlkajsldjfkljasdf
klajkljsdlkajsldjfkljasdf
klajkljsdlkajsldjfkljasdf
klajkljsdlkajsldjfkljasdf
klajkljsdlkajsldjfkljasdf
klajkljsdlkajsldjfkljasdf
123456789
123456789
12345678
12345678
123456789
1
1
1
2
2
1
1
2
test
test
testtest
test1
test2
test3
test3
